{"/Users/jatheepankanthavel/Documents/BitBucket/bookkeeper/lib/ExpenseManager/index.js":{"path":"/Users/jatheepankanthavel/Documents/BitBucket/bookkeeper/lib/ExpenseManager/index.js","s":{"1":1,"2":1,"3":0,"4":0,"5":0,"6":1},"b":{"1":[0,0],"2":[0,0]},"f":{"1":0},"fnMap":{"1":{"name":"getExpenses","line":5,"loc":{"start":{"line":5,"column":0},"end":{"line":5,"column":47}}}},"statementMap":{"1":{"start":{"line":3,"column":0},"end":{"line":3,"column":53}},"2":{"start":{"line":5,"column":0},"end":{"line":10,"column":1}},"3":{"start":{"line":6,"column":4},"end":{"line":6,"column":38}},"4":{"start":{"line":7,"column":4},"end":{"line":7,"column":39}},"5":{"start":{"line":9,"column":4},"end":{"line":9,"column":69}},"6":{"start":{"line":12,"column":0},"end":{"line":12,"column":31}}},"branchMap":{"1":{"line":6,"type":"binary-expr","locations":[{"start":{"line":6,"column":18},"end":{"line":6,"column":31}},{"start":{"line":6,"column":35},"end":{"line":6,"column":37}}]},"2":{"line":7,"type":"binary-expr","locations":[{"start":{"line":7,"column":19},"end":{"line":7,"column":33}},{"start":{"line":7,"column":37},"end":{"line":7,"column":38}}]}}},"/Users/jatheepankanthavel/Documents/BitBucket/bookkeeper/models/Expense.js":{"path":"/Users/jatheepankanthavel/Documents/BitBucket/bookkeeper/models/Expense.js","s":{"1":1,"2":1,"3":1,"4":1},"b":{},"f":{},"fnMap":{},"statementMap":{"1":{"start":{"line":3,"column":0},"end":{"line":3,"column":37}},"2":{"start":{"line":5,"column":0},"end":{"line":24,"column":3}},"3":{"start":{"line":26,"column":0},"end":{"line":26,"column":45}},"4":{"start":{"line":27,"column":0},"end":{"line":27,"column":52}}},"branchMap":{}},"/Users/jatheepankanthavel/Documents/BitBucket/bookkeeper/config/db.js":{"path":"/Users/jatheepankanthavel/Documents/BitBucket/bookkeeper/config/db.js","s":{"1":1,"2":1,"3":1,"4":0,"5":0,"6":0},"b":{"1":[0,0]},"f":{},"fnMap":{},"statementMap":{"1":{"start":{"line":3,"column":0},"end":{"line":3,"column":31}},"2":{"start":{"line":4,"column":0},"end":{"line":10,"column":3}},"3":{"start":{"line":12,"column":0},"end":{"line":19,"column":2}},"4":{"start":{"line":14,"column":23},"end":{"line":17,"column":10}},"5":{"start":{"line":15,"column":12},"end":{"line":16,"column":37}},"6":{"start":{"line":15,"column":63},"end":{"line":16,"column":35}}},"branchMap":{"1":{"line":15,"type":"cond-expr","locations":[{"start":{"line":15,"column":71},"end":{"line":15,"column":82}},{"start":{"line":16,"column":16},"end":{"line":16,"column":35}}]}}},"/Users/jatheepankanthavel/Documents/BitBucket/bookkeeper/lib/UserManager/index.js":{"path":"/Users/jatheepankanthavel/Documents/BitBucket/bookkeeper/lib/UserManager/index.js","s":{"1":1,"2":1,"3":1,"4":1,"5":1,"6":1,"7":1,"8":0,"9":0,"10":0,"11":0,"12":1,"13":1,"14":1,"15":1,"16":1,"17":0,"18":0,"19":0,"20":0},"b":{"1":[1,1],"2":[0,0],"3":[0,0]},"f":{"1":1,"2":1},"fnMap":{"1":{"name":"(anonymous_1)","line":12,"loc":{"start":{"line":12,"column":12},"end":{"line":12,"column":27}}},"2":{"name":"(anonymous_2)","line":37,"loc":{"start":{"line":37,"column":15},"end":{"line":37,"column":20}}}},"statementMap":{"1":{"start":{"line":3,"column":0},"end":{"line":3,"column":31}},"2":{"start":{"line":4,"column":0},"end":{"line":4,"column":47}},"3":{"start":{"line":6,"column":0},"end":{"line":54,"column":1}},"4":{"start":{"line":13,"column":8},"end":{"line":29,"column":11}},"5":{"start":{"line":14,"column":12},"end":{"line":18,"column":45}},"6":{"start":{"line":20,"column":12},"end":{"line":28,"column":43}},"7":{"start":{"line":22,"column":20},"end":{"line":26,"column":23}},"8":{"start":{"line":23,"column":24},"end":{"line":23,"column":45}},"9":{"start":{"line":24,"column":24},"end":{"line":24,"column":44}},"10":{"start":{"line":24,"column":32},"end":{"line":24,"column":44}},"11":{"start":{"line":25,"column":24},"end":{"line":25,"column":41}},"12":{"start":{"line":28,"column":30},"end":{"line":28,"column":41}},"13":{"start":{"line":38,"column":8},"end":{"line":52,"column":11}},"14":{"start":{"line":39,"column":12},"end":{"line":43,"column":26}},"15":{"start":{"line":45,"column":12},"end":{"line":51,"column":15}},"16":{"start":{"line":46,"column":16},"end":{"line":50,"column":18}},"17":{"start":{"line":47,"column":20},"end":{"line":47,"column":41}},"18":{"start":{"line":48,"column":20},"end":{"line":48,"column":40}},"19":{"start":{"line":48,"column":28},"end":{"line":48,"column":40}},"20":{"start":{"line":49,"column":20},"end":{"line":49,"column":36}}},"branchMap":{"1":{"line":18,"type":"binary-expr","locations":[{"start":{"line":18,"column":24},"end":{"line":18,"column":38}},{"start":{"line":18,"column":42},"end":{"line":18,"column":43}}]},"2":{"line":24,"type":"if","locations":[{"start":{"line":24,"column":24},"end":{"line":24,"column":24}},{"start":{"line":24,"column":24},"end":{"line":24,"column":24}}]},"3":{"line":48,"type":"if","locations":[{"start":{"line":48,"column":20},"end":{"line":48,"column":20}},{"start":{"line":48,"column":20},"end":{"line":48,"column":20}}]}}}}