TN:
SF:/Users/jatheepankanthavel/Documents/BitBucket/bookkeeper/lib/ExpenseManager/index.js
FN:5,getExpenses
FNF:1
FNH:0
FNDA:0,getExpenses
DA:3,1
DA:5,1
DA:6,0
DA:7,0
DA:9,0
DA:12,1
LF:6
LH:3
BRDA:6,1,0,0
BRDA:6,1,1,0
BRDA:7,2,0,0
BRDA:7,2,1,0
BRF:4
BRH:0
end_of_record
TN:
SF:/Users/jatheepankanthavel/Documents/BitBucket/bookkeeper/models/Expense.js
FNF:0
FNH:0
DA:3,1
DA:5,1
DA:26,1
DA:27,1
LF:4
LH:4
BRF:0
BRH:0
end_of_record
TN:
SF:/Users/jatheepankanthavel/Documents/BitBucket/bookkeeper/config/db.js
FNF:0
FNH:0
DA:3,1
DA:4,1
DA:12,1
DA:14,0
DA:15,0
LF:5
LH:3
BRDA:15,1,0,0
BRDA:15,1,1,0
BRF:2
BRH:0
end_of_record
TN:
SF:/Users/jatheepankanthavel/Documents/BitBucket/bookkeeper/lib/UserManager/index.js
FN:12,(anonymous_1)
FN:37,(anonymous_2)
FNF:2
FNH:2
FNDA:1,(anonymous_1)
FNDA:1,(anonymous_2)
DA:3,1
DA:4,1
DA:6,1
DA:13,1
DA:14,1
DA:20,1
DA:22,1
DA:23,0
DA:24,0
DA:25,0
DA:28,1
DA:38,1
DA:39,1
DA:45,1
DA:46,1
DA:47,0
DA:48,0
DA:49,0
LF:18
LH:12
BRDA:18,1,0,1
BRDA:18,1,1,1
BRDA:24,2,0,0
BRDA:24,2,1,0
BRDA:48,3,0,0
BRDA:48,3,1,0
BRF:6
BRH:2
end_of_record
